0 info it worked if it ends with ok
1 verbose cli [ '/usr/local/Cellar/node/7.1.0/bin/node',
1 verbose cli   '/usr/local/bin/npm',
1 verbose cli   'run',
1 verbose cli   'dev' ]
2 info using npm@3.10.9
3 info using node@v7.1.0
4 verbose run-script [ 'predev', 'dev', 'postdev' ]
5 info lifecycle envelope-gen@1.0.0~predev: envelope-gen@1.0.0
6 silly lifecycle envelope-gen@1.0.0~predev: no script for predev, continuing
7 info lifecycle envelope-gen@1.0.0~dev: envelope-gen@1.0.0
8 verbose lifecycle envelope-gen@1.0.0~dev: unsafe-perm in lifecycle true
9 verbose lifecycle envelope-gen@1.0.0~dev: PATH: /usr/local/lib/node_modules/npm/bin/node-gyp-bin:/Users/stephen/Desktop/web/envelope-list-merge/node_modules/.bin:/usr/local/Cellar/node/7.1.0/bin:~/bin:/usr/bin:/bin:/usr/sbin:/sbin:/usr/local/bin
10 verbose lifecycle envelope-gen@1.0.0~dev: CWD: /Users/stephen/Desktop/web/envelope-list-merge
11 silly lifecycle envelope-gen@1.0.0~dev: Args: [ '-c', 'webpack -d --watch' ]
12 silly lifecycle envelope-gen@1.0.0~dev: Returned: code: 1  signal: null
13 info lifecycle envelope-gen@1.0.0~dev: Failed to exec dev script
14 verbose stack Error: envelope-gen@1.0.0 dev: `webpack -d --watch`
14 verbose stack Exit status 1
14 verbose stack     at EventEmitter.<anonymous> (/usr/local/lib/node_modules/npm/lib/utils/lifecycle.js:255:16)
14 verbose stack     at emitTwo (events.js:106:13)
14 verbose stack     at EventEmitter.emit (events.js:191:7)
14 verbose stack     at ChildProcess.<anonymous> (/usr/local/lib/node_modules/npm/lib/utils/spawn.js:40:14)
14 verbose stack     at emitTwo (events.js:106:13)
14 verbose stack     at ChildProcess.emit (events.js:191:7)
14 verbose stack     at maybeClose (internal/child_process.js:885:16)
14 verbose stack     at Process.ChildProcess._handle.onexit (internal/child_process.js:226:5)
15 verbose pkgid envelope-gen@1.0.0
16 verbose cwd /Users/stephen/Desktop/web/envelope-list-merge
17 error Darwin 16.3.0
18 error argv "/usr/local/Cellar/node/7.1.0/bin/node" "/usr/local/bin/npm" "run" "dev"
19 error node v7.1.0
20 error npm  v3.10.9
21 error code ELIFECYCLE
22 error envelope-gen@1.0.0 dev: `webpack -d --watch`
22 error Exit status 1
23 error Failed at the envelope-gen@1.0.0 dev script 'webpack -d --watch'.
23 error Make sure you have the latest version of node.js and npm installed.
23 error If you do, this is most likely a problem with the envelope-gen package,
23 error not with npm itself.
23 error Tell the author that this fails on your system:
23 error     webpack -d --watch
23 error You can get information on how to open an issue for this project with:
23 error     npm bugs envelope-gen
23 error Or if that isn't available, you can get their info via:
23 error     npm owner ls envelope-gen
23 error There is likely additional logging output above.
24 verbose exit [ 1, true ]
